25000
25001
25000
25100
25001
25101
25002
25102
25003
25103
25004
25104
25005
25105
25006
25106
25007
25107
25008
25108
25009
25109
25010
25110
25011
25111
25012
25112
25013
25113
25014
25114
25015
25115
25016
25116
25017
25117
25018
25118
25019
25119
25020
25120
25021
25121
25022
25122
25023
25123
25024
25124
25025
25125
25026
25126
25027
25127
25028
25128
25029
25129
25030
25130
25031
25131
25032
25132
25033
25133
25034
25134
25035
25135
25036
25136
25037
25137
25038
25138
25039
25139
25040
25140
25041
25141
25042
25142
25043
25143
25044
25144
25045
25145
25046
25146
25047
25147
25048
25148
25049
25149
25099
25201
25200
25220
25201
25221
25202
25222
25203
25223
25204
25224
25205
25225
25206
25226
25207
25227
25208
25228
25209
25229
25210
25230
25211
25231
25212
25232
25213
25233
25214
25234
25215
25235
25216
25236
25217
25237
25218
25238
25219
25239
25299
25301
25300
25310
25301
25311
25302
25312
25303
25313
25304
25314
25305
25315
25306
25316
25307
25317
25308
25318
25309
25319
25399
25401
25406
25410
25406
25411
25406
25412
25406
25413
25406
25414
25406
25415
25406
25416
25406
25417
25406
25418
25406
25419
25406
25420
25406
25421
25406
25422
25406
25423
25406
25424
25499
25501
25550
25599
25999
